{"numFailedTestSuites":0,"numFailedTests":0,"numPassedTestSuites":52,"numPassedTests":608,"numPendingTestSuites":0,"numPendingTests":0,"numRuntimeErrorTestSuites":0,"numTodoTests":0,"numTotalTestSuites":52,"numTotalTests":608,"openHandles":[],"snapshot":{"added":0,"didUpdate":false,"failure":false,"filesAdded":0,"filesRemoved":0,"filesRemovedList":[],"filesUnmatched":0,"filesUpdated":0,"matched":0,"total":0,"unchecked":0,"uncheckedKeysByFile":[],"unmatched":0,"updated":0},"startTime":1759036408526,"success":true,"testResults":[{"assertionResults":[{"ancestorTitles":["CSV Import API","POST /api/import/csv"],"duration":14,"failureDetails":[],"failureMessages":[],"fullName":"CSV Import API POST /api/import/csv should successfully import CSV transactions","invocations":1,"location":null,"numPassingAsserts":6,"retryReasons":[],"status":"passed","title":"should successfully import CSV transactions"},{"ancestorTitles":["CSV Import API","POST /api/import/csv"],"duration":2,"failureDetails":[],"failureMessages":[],"fullName":"CSV Import API POST /api/import/csv should apply auto-categorization rules when enabled","invocations":1,"location":null,"numPassingAsserts":6,"retryReasons":[],"status":"passed","title":"should apply auto-categorization rules when enabled"},{"ancestorTitles":["CSV Import API","POST /api/import/csv"],"duration":5,"failureDetails":[],"failureMessages":[],"fullName":"CSV Import API POST /api/import/csv should skip duplicate transactions based on hash","invocations":1,"location":null,"numPassingAsserts":5,"retryReasons":[],"status":"passed","title":"should skip duplicate transactions based on hash"},{"ancestorTitles":["CSV Import API","POST /api/import/csv"],"duration":1,"failureDetails":[],"failureMessages":[],"fullName":"CSV Import API POST /api/import/csv should handle custom column mapping","invocations":1,"location":null,"numPassingAsserts":3,"retryReasons":[],"status":"passed","title":"should handle custom column mapping"},{"ancestorTitles":["CSV Import API","POST /api/import/csv"],"duration":0,"failureDetails":[],"failureMessages":[],"fullName":"CSV Import API POST /api/import/csv should return error for missing file","invocations":1,"location":null,"numPassingAsserts":3,"retryReasons":[],"status":"passed","title":"should return error for missing file"},{"ancestorTitles":["CSV Import API","POST /api/import/csv"],"duration":1,"failureDetails":[],"failureMessages":[],"fullName":"CSV Import API POST /api/import/csv should return error for missing source ID","invocations":1,"location":null,"numPassingAsserts":3,"retryReasons":[],"status":"passed","title":"should return error for missing source ID"},{"ancestorTitles":["CSV Import API","POST /api/import/csv"],"duration":1,"failureDetails":[],"failureMessages":[],"fullName":"CSV Import API POST /api/import/csv should return error for empty file","invocations":1,"location":null,"numPassingAsserts":3,"retryReasons":[],"status":"passed","title":"should return error for empty file"},{"ancestorTitles":["CSV Import API","POST /api/import/csv"],"duration":0,"failureDetails":[],"failureMessages":[],"fullName":"CSV Import API POST /api/import/csv should handle parse errors and continue with valid transactions","invocations":1,"location":null,"numPassingAsserts":5,"retryReasons":[],"status":"passed","title":"should handle parse errors and continue with valid transactions"},{"ancestorTitles":["CSV Import API","PUT /api/import/csv (preview)"],"duration":1,"failureDetails":[],"failureMessages":[],"fullName":"CSV Import API PUT /api/import/csv (preview) should preview CSV without importing","invocations":1,"location":null,"numPassingAsserts":9,"retryReasons":[],"status":"passed","title":"should preview CSV without importing"},{"ancestorTitles":["CSV Import API","PUT /api/import/csv (preview)"],"duration":1,"failureDetails":[],"failureMessages":[],"fullName":"CSV Import API PUT /api/import/csv (preview) should auto-detect column mapping in preview","invocations":1,"location":null,"numPassingAsserts":4,"retryReasons":[],"status":"passed","title":"should auto-detect column mapping in preview"},{"ancestorTitles":["CSV Import API","PUT /api/import/csv (preview)"],"duration":1,"failureDetails":[],"failureMessages":[],"fullName":"CSV Import API PUT /api/import/csv (preview) should use custom mapping if provided","invocations":1,"location":null,"numPassingAsserts":3,"retryReasons":[],"status":"passed","title":"should use custom mapping if provided"},{"ancestorTitles":["CSV Import API","PUT /api/import/csv (preview)"],"duration":0,"failureDetails":[],"failureMessages":[],"fullName":"CSV Import API PUT /api/import/csv (preview) should return error for empty file in preview","invocations":1,"location":null,"numPassingAsserts":3,"retryReasons":[],"status":"passed","title":"should return error for empty file in preview"}],"endTime":1759036409133,"message":"","name":"/Users/fatih/Development/financecim/__tests__/api/import/csv/route.test.ts","startTime":1759036408726,"status":"passed","summary":""},{"assertionResults":[{"ancestorTitles":["ConfirmationDialog Component","Basic Rendering"],"duration":30,"failureDetails":[],"failureMessages":[],"fullName":"ConfirmationDialog Component Basic Rendering renders when isOpen is true","invocations":1,"location":null,"numPassingAsserts":3,"retryReasons":[],"status":"passed","title":"renders when isOpen is true"},{"ancestorTitles":["ConfirmationDialog Component","Basic Rendering"],"duration":1,"failureDetails":[],"failureMessages":[],"fullName":"ConfirmationDialog Component Basic Rendering does not render when isOpen is false","invocations":1,"location":null,"numPassingAsserts":1,"retryReasons":[],"status":"passed","title":"does not render when isOpen is false"},{"ancestorTitles":["ConfirmationDialog Component","Basic Rendering"],"duration":2,"failureDetails":[],"failureMessages":[],"fullName":"ConfirmationDialog Component Basic Rendering renders default confirm and cancel text","invocations":1,"location":null,"numPassingAsserts":2,"retryReasons":[],"status":"passed","title":"renders default confirm and cancel text"},{"ancestorTitles":["ConfirmationDialog Component","Basic Rendering"],"duration":3,"failureDetails":[],"failureMessages":[],"fullName":"ConfirmationDialog Component Basic Rendering renders custom confirm and cancel text","invocations":1,"location":null,"numPassingAsserts":2,"retryReasons":[],"status":"passed","title":"renders custom confirm and cancel text"},{"ancestorTitles":["ConfirmationDialog Component","Type Variants"],"duration":2,"failureDetails":[],"failureMessages":[],"fullName":"ConfirmationDialog Component Type Variants renders info variant with appropriate styling","invocations":1,"location":null,"numPassingAsserts":2,"retryReasons":[],"status":"passed","title":"renders info variant with appropriate styling"},{"ancestorTitles":["ConfirmationDialog Component","Type Variants"],"duration":2,"failureDetails":[],"failureMessages":[],"fullName":"ConfirmationDialog Component Type Variants renders warning variant with appropriate styling","invocations":1,"location":null,"numPassingAsserts":2,"retryReasons":[],"status":"passed","title":"renders warning variant with appropriate styling"},{"ancestorTitles":["ConfirmationDialog Component","Type Variants"],"duration":2,"failureDetails":[],"failureMessages":[],"fullName":"ConfirmationDialog Component Type Variants renders error variant with appropriate styling","invocations":1,"location":null,"numPassingAsserts":2,"retryReasons":[],"status":"passed","title":"renders error variant with appropriate styling"},{"ancestorTitles":["ConfirmationDialog Component","Type Variants"],"duration":3,"failureDetails":[],"failureMessages":[],"fullName":"ConfirmationDialog Component Type Variants renders success variant with appropriate styling","invocations":1,"location":null,"numPassingAsserts":2,"retryReasons":[],"status":"passed","title":"renders success variant with appropriate styling"},{"ancestorTitles":["ConfirmationDialog Component","Type Variants"],"duration":7,"failureDetails":[],"failureMessages":[],"fullName":"ConfirmationDialog Component Type Variants defaults to warning type","invocations":1,"location":null,"numPassingAsserts":1,"retryReasons":[],"status":"passed","title":"defaults to warning type"},{"ancestorTitles":["ConfirmationDialog Component","Button Actions"],"duration":13,"failureDetails":[],"failureMessages":[],"fullName":"ConfirmationDialog Component Button Actions calls onClose when cancel button is clicked","invocations":1,"location":null,"numPassingAsserts":1,"retryReasons":[],"status":"passed","title":"calls onClose when cancel button is clicked"},{"ancestorTitles":["ConfirmationDialog Component","Button Actions"],"duration":27,"failureDetails":[],"failureMessages":[],"fullName":"ConfirmationDialog Component Button Actions calls onConfirm when confirm button is clicked","invocations":1,"location":null,"numPassingAsserts":1,"retryReasons":[],"status":"passed","title":"calls onConfirm when confirm button is clicked"},{"ancestorTitles":["ConfirmationDialog Component","Button Actions"],"duration":3,"failureDetails":[],"failureMessages":[],"fullName":"ConfirmationDialog Component Button Actions handles async onConfirm function","invocations":1,"location":null,"numPassingAsserts":1,"retryReasons":[],"status":"passed","title":"handles async onConfirm function"},{"ancestorTitles":["ConfirmationDialog Component","Loading State"],"duration":2,"failureDetails":[],"failureMessages":[],"fullName":"ConfirmationDialog Component Loading State shows loading text when isLoading is true","invocations":1,"location":null,"numPassingAsserts":2,"retryReasons":[],"status":"passed","title":"shows loading text when isLoading is true"},{"ancestorTitles":["ConfirmationDialog Component","Loading State"],"duration":2,"failureDetails":[],"failureMessages":[],"fullName":"ConfirmationDialog Component Loading State disables buttons when isLoading is true","invocations":1,"location":null,"numPassingAsserts":2,"retryReasons":[],"status":"passed","title":"disables buttons when isLoading is true"},{"ancestorTitles":["ConfirmationDialog Component","Loading State"],"duration":25,"failureDetails":[],"failureMessages":[],"fullName":"ConfirmationDialog Component Loading State does not call onConfirm when clicked during loading","invocations":1,"location":null,"numPassingAsserts":1,"retryReasons":[],"status":"passed","title":"does not call onConfirm when clicked during loading"},{"ancestorTitles":["ConfirmationDialog Component","Visual Elements"],"duration":2,"failureDetails":[],"failureMessages":[],"fullName":"ConfirmationDialog Component Visual Elements renders icon container with proper classes","invocations":1,"location":null,"numPassingAsserts":2,"retryReasons":[],"status":"passed","title":"renders icon container with proper classes"},{"ancestorTitles":["ConfirmationDialog Component","Visual Elements"],"duration":1,"failureDetails":[],"failureMessages":[],"fullName":"ConfirmationDialog Component Visual Elements renders message box with type-specific background","invocations":1,"location":null,"numPassingAsserts":2,"retryReasons":[],"status":"passed","title":"renders message box with type-specific background"},{"ancestorTitles":["ConfirmationDialog Component","Visual Elements"],"duration":1,"failureDetails":[],"failureMessages":[],"fullName":"ConfirmationDialog Component Visual Elements renders action buttons with proper spacing","invocations":1,"location":null,"numPassingAsserts":2,"retryReasons":[],"status":"passed","title":"renders action buttons with proper spacing"},{"ancestorTitles":["ConfirmationDialog Component","Accessibility"],"duration":2,"failureDetails":[],"failureMessages":[],"fullName":"ConfirmationDialog Component Accessibility buttons have proper type attributes","invocations":1,"location":null,"numPassingAsserts":2,"retryReasons":[],"status":"passed","title":"buttons have proper type attributes"},{"ancestorTitles":["ConfirmationDialog Component","Accessibility"],"duration":1,"failureDetails":[],"failureMessages":[],"fullName":"ConfirmationDialog Component Accessibility disabled buttons have proper styling","invocations":1,"location":null,"numPassingAsserts":2,"retryReasons":[],"status":"passed","title":"disabled buttons have proper styling"},{"ancestorTitles":["ConfirmationDialog Component","Dark Mode Support"],"duration":1,"failureDetails":[],"failureMessages":[],"fullName":"ConfirmationDialog Component Dark Mode Support applies dark mode classes throughout","invocations":1,"location":null,"numPassingAsserts":3,"retryReasons":[],"status":"passed","title":"applies dark mode classes throughout"},{"ancestorTitles":["ConfirmationDialog Component","Modal Integration"],"duration":1,"failureDetails":[],"failureMessages":[],"fullName":"ConfirmationDialog Component Modal Integration passes correct props to Modal component","invocations":1,"location":null,"numPassingAsserts":1,"retryReasons":[],"status":"passed","title":"passes correct props to Modal component"},{"ancestorTitles":["ConfirmationDialog Component","Modal Integration"],"duration":1,"failureDetails":[],"failureMessages":[],"fullName":"ConfirmationDialog Component Modal Integration Modal close button triggers onClose","invocations":1,"location":null,"numPassingAsserts":1,"retryReasons":[],"status":"passed","title":"Modal close button triggers onClose"},{"ancestorTitles":["ConfirmationDialog Component","Edge Cases"],"duration":1,"failureDetails":[],"failureMessages":[],"fullName":"ConfirmationDialog Component Edge Cases handles empty message gracefully","invocations":1,"location":null,"numPassingAsserts":2,"retryReasons":[],"status":"passed","title":"handles empty message gracefully"},{"ancestorTitles":["ConfirmationDialog Component","Edge Cases"],"duration":1,"failureDetails":[],"failureMessages":[],"fullName":"ConfirmationDialog Component Edge Cases handles very long title and message","invocations":1,"location":null,"numPassingAsserts":2,"retryReasons":[],"status":"passed","title":"handles very long title and message"},{"ancestorTitles":["ConfirmationDialog Component","Edge Cases"],"duration":9,"failureDetails":[],"failureMessages":[],"fullName":"ConfirmationDialog Component Edge Cases handles rapid confirm clicks","invocations":1,"location":null,"numPassingAsserts":1,"retryReasons":[],"status":"passed","title":"handles rapid confirm clicks"}],"endTime":1759036409522,"message":"","name":"/Users/fatih/Development/financecim/__tests__/components/ui/confirmation-dialog.test.tsx","startTime":1759036408937,"status":"passed","summary":""},{"assertionResults":[{"ancestorTitles":["Modal Component","Basic Rendering"],"duration":16,"failureDetails":[],"failureMessages":[],"fullName":"Modal Component Basic Rendering renders when isOpen is true","invocations":1,"location":null,"numPassingAsserts":2,"retryReasons":[],"status":"passed","title":"renders when isOpen is true"},{"ancestorTitles":["Modal Component","Basic Rendering"],"duration":1,"failureDetails":[],"failureMessages":[],"fullName":"Modal Component Basic Rendering does not render when isOpen is false","invocations":1,"location":null,"numPassingAsserts":2,"retryReasons":[],"status":"passed","title":"does not render when isOpen is false"},{"ancestorTitles":["Modal Component","Basic Rendering"],"duration":2,"failureDetails":[],"failureMessages":[],"fullName":"Modal Component Basic Rendering renders title when provided","invocations":1,"location":null,"numPassingAsserts":1,"retryReasons":[],"status":"passed","title":"renders title when provided"},{"ancestorTitles":["Modal Component","Basic Rendering"],"duration":2,"failureDetails":[],"failureMessages":[],"fullName":"Modal Component Basic Rendering renders close button in header when title is provided","invocations":1,"location":null,"numPassingAsserts":2,"retryReasons":[],"status":"passed","title":"renders close button in header when title is provided"},{"ancestorTitles":["Modal Component","Basic Rendering"],"duration":2,"failureDetails":[],"failureMessages":[],"fullName":"Modal Component Basic Rendering renders close button in top-right when no title","invocations":1,"location":null,"numPassingAsserts":1,"retryReasons":[],"status":"passed","title":"renders close button in top-right when no title"},{"ancestorTitles":["Modal Component","Basic Rendering"],"duration":2,"failureDetails":[],"failureMessages":[],"fullName":"Modal Component Basic Rendering applies custom className","invocations":1,"location":null,"numPassingAsserts":1,"retryReasons":[],"status":"passed","title":"applies custom className"},{"ancestorTitles":["Modal Component","Size Variants"],"duration":1,"failureDetails":[],"failureMessages":[],"fullName":"Modal Component Size Variants applies small size class","invocations":1,"location":null,"numPassingAsserts":1,"retryReasons":[],"status":"passed","title":"applies small size class"},{"ancestorTitles":["Modal Component","Size Variants"],"duration":2,"failureDetails":[],"failureMessages":[],"fullName":"Modal Component Size Variants applies medium size class by default","invocations":1,"location":null,"numPassingAsserts":1,"retryReasons":[],"status":"passed","title":"applies medium size class by default"},{"ancestorTitles":["Modal Component","Size Variants"],"duration":1,"failureDetails":[],"failureMessages":[],"fullName":"Modal Component Size Variants applies large size class","invocations":1,"location":null,"numPassingAsserts":1,"retryReasons":[],"status":"passed","title":"applies large size class"},{"ancestorTitles":["Modal Component","Size Variants"],"duration":1,"failureDetails":[],"failureMessages":[],"fullName":"Modal Component Size Variants applies extra large size class","invocations":1,"location":null,"numPassingAsserts":1,"retryReasons":[],"status":"passed","title":"applies extra large size class"},{"ancestorTitles":["Modal Component","Close Functionality"],"duration":6,"failureDetails":[],"failureMessages":[],"fullName":"Modal Component Close Functionality calls onClose when close button is clicked","invocations":1,"location":null,"numPassingAsserts":1,"retryReasons":[],"status":"passed","title":"calls onClose when close button is clicked"},{"ancestorTitles":["Modal Component","Close Functionality"],"duration":18,"failureDetails":[],"failureMessages":[],"fullName":"Modal Component Close Functionality calls onClose when backdrop is clicked","invocations":1,"location":null,"numPassingAsserts":1,"retryReasons":[],"status":"passed","title":"calls onClose when backdrop is clicked"},{"ancestorTitles":["Modal Component","Close Functionality"],"duration":7,"failureDetails":[],"failureMessages":[],"fullName":"Modal Component Close Functionality calls onClose when Escape key is pressed","invocations":1,"location":null,"numPassingAsserts":1,"retryReasons":[],"status":"passed","title":"calls onClose when Escape key is pressed"},{"ancestorTitles":["Modal Component","Close Functionality"],"duration":3,"failureDetails":[],"failureMessages":[],"fullName":"Modal Component Close Functionality does not call onClose for other keys","invocations":1,"location":null,"numPassingAsserts":1,"retryReasons":[],"status":"passed","title":"does not call onClose for other keys"},{"ancestorTitles":["Modal Component","Body Overflow Management"],"duration":1,"failureDetails":[],"failureMessages":[],"fullName":"Modal Component Body Overflow Management sets body overflow to hidden when modal opens","invocations":1,"location":null,"numPassingAsserts":1,"retryReasons":[],"status":"passed","title":"sets body overflow to hidden when modal opens"},{"ancestorTitles":["Modal Component","Body Overflow Management"],"duration":2,"failureDetails":[],"failureMessages":[],"fullName":"Modal Component Body Overflow Management resets body overflow when modal closes","invocations":1,"location":null,"numPassingAsserts":2,"retryReasons":[],"status":"passed","title":"resets body overflow when modal closes"},{"ancestorTitles":["Modal Component","Body Overflow Management"],"duration":0,"failureDetails":[],"failureMessages":[],"fullName":"Modal Component Body Overflow Management cleans up body overflow on unmount","invocations":1,"location":null,"numPassingAsserts":2,"retryReasons":[],"status":"passed","title":"cleans up body overflow on unmount"},{"ancestorTitles":["Modal Component","Event Listeners"],"duration":2,"failureDetails":[],"failureMessages":[],"fullName":"Modal Component Event Listeners adds keydown event listener when open","invocations":1,"location":null,"numPassingAsserts":1,"retryReasons":[],"status":"passed","title":"adds keydown event listener when open"},{"ancestorTitles":["Modal Component","Event Listeners"],"duration":2,"failureDetails":[],"failureMessages":[],"fullName":"Modal Component Event Listeners removes keydown event listener when closed","invocations":1,"location":null,"numPassingAsserts":1,"retryReasons":[],"status":"passed","title":"removes keydown event listener when closed"},{"ancestorTitles":["Modal Component","Event Listeners"],"duration":0,"failureDetails":[],"failureMessages":[],"fullName":"Modal Component Event Listeners removes event listener on unmount","invocations":1,"location":null,"numPassingAsserts":1,"retryReasons":[],"status":"passed","title":"removes event listener on unmount"},{"ancestorTitles":["Modal Component","Accessibility"],"duration":1,"failureDetails":[],"failureMessages":[],"fullName":"Modal Component Accessibility modal backdrop has proper z-index","invocations":1,"location":null,"numPassingAsserts":1,"retryReasons":[],"status":"passed","title":"modal backdrop has proper z-index"},{"ancestorTitles":["Modal Component","Accessibility"],"duration":1,"failureDetails":[],"failureMessages":[],"fullName":"Modal Component Accessibility modal panel has proper z-index relative to backdrop","invocations":1,"location":null,"numPassingAsserts":1,"retryReasons":[],"status":"passed","title":"modal panel has proper z-index relative to backdrop"},{"ancestorTitles":["Modal Component","Accessibility"],"duration":48,"failureDetails":[],"failureMessages":[],"fullName":"Modal Component Accessibility focuses can be trapped within modal","invocations":1,"location":null,"numPassingAsserts":1,"retryReasons":[],"status":"passed","title":"focuses can be trapped within modal"},{"ancestorTitles":["Modal Component","Dark Mode Support"],"duration":2,"failureDetails":[],"failureMessages":[],"fullName":"Modal Component Dark Mode Support applies dark mode classes","invocations":1,"location":null,"numPassingAsserts":3,"retryReasons":[],"status":"passed","title":"applies dark mode classes"},{"ancestorTitles":["Modal Component","Content Rendering"],"duration":2,"failureDetails":[],"failureMessages":[],"fullName":"Modal Component Content Rendering renders complex children correctly","invocations":1,"location":null,"numPassingAsserts":3,"retryReasons":[],"status":"passed","title":"renders complex children correctly"},{"ancestorTitles":["Modal Component","Content Rendering"],"duration":7,"failureDetails":[],"failureMessages":[],"fullName":"Modal Component Content Rendering renders React nodes as title","invocations":1,"location":null,"numPassingAsserts":1,"retryReasons":[],"status":"passed","title":"renders React nodes as title"},{"ancestorTitles":["Modal Component","Edge Cases"],"duration":4,"failureDetails":[],"failureMessages":[],"fullName":"Modal Component Edge Cases handles rapid open/close transitions","invocations":1,"location":null,"numPassingAsserts":1,"retryReasons":[],"status":"passed","title":"handles rapid open/close transitions"},{"ancestorTitles":["Modal Component","Edge Cases"],"duration":12,"failureDetails":[],"failureMessages":[],"fullName":"Modal Component Edge Cases handles onClose being called while already closing","invocations":1,"location":null,"numPassingAsserts":1,"retryReasons":[],"status":"passed","title":"handles onClose being called while already closing"}],"endTime":1759036409579,"message":"","name":"/Users/fatih/Development/financecim/__tests__/components/ui/modal.test.tsx","startTime":1759036408974,"status":"passed","summary":""},{"assertionResults":[{"ancestorTitles":["FormField Component"],"duration":13,"failureDetails":[],"failureMessages":[],"fullName":"FormField Component should render basic input field","invocations":1,"location":null,"numPassingAsserts":2,"retryReasons":[],"status":"passed","title":"should render basic input field"},{"ancestorTitles":["FormField Component"],"duration":3,"failureDetails":[],"failureMessages":[],"fullName":"FormField Component should render with label","invocations":1,"location":null,"numPassingAsserts":2,"retryReasons":[],"status":"passed","title":"should render with label"},{"ancestorTitles":["FormField Component"],"duration":2,"failureDetails":[],"failureMessages":[],"fullName":"FormField Component should show required asterisk when required prop is true","invocations":1,"location":null,"numPassingAsserts":2,"retryReasons":[],"status":"passed","title":"should show required asterisk when required prop is true"},{"ancestorTitles":["FormField Component"],"duration":2,"failureDetails":[],"failureMessages":[],"fullName":"FormField Component should display error message","invocations":1,"location":null,"numPassingAsserts":3,"retryReasons":[],"status":"passed","title":"should display error message"},{"ancestorTitles":["FormField Component"],"duration":26,"failureDetails":[],"failureMessages":[],"fullName":"FormField Component should display hint text when no error","invocations":1,"location":null,"numPassingAsserts":2,"retryReasons":[],"status":"passed","title":"should display hint text when no error"},{"ancestorTitles":["FormField Component"],"duration":2,"failureDetails":[],"failureMessages":[],"fullName":"FormField Component should not display hint when error is present","invocations":1,"location":null,"numPassingAsserts":2,"retryReasons":[],"status":"passed","title":"should not display hint when error is present"},{"ancestorTitles":["FormField Component"],"duration":1,"failureDetails":[],"failureMessages":[],"fullName":"FormField Component should forward ref correctly","invocations":1,"location":null,"numPassingAsserts":2,"retryReasons":[],"status":"passed","title":"should forward ref correctly"},{"ancestorTitles":["FormField Component"],"duration":94,"failureDetails":[],"failureMessages":[],"fullName":"FormField Component should handle user input","invocations":1,"location":null,"numPassingAsserts":1,"retryReasons":[],"status":"passed","title":"should handle user input"},{"ancestorTitles":["FormField Component"],"duration":1,"failureDetails":[],"failureMessages":[],"fullName":"FormField Component should apply custom className","invocations":1,"location":null,"numPassingAsserts":1,"retryReasons":[],"status":"passed","title":"should apply custom className"},{"ancestorTitles":["FormField Component"],"duration":1,"failureDetails":[],"failureMessages":[],"fullName":"FormField Component should handle disabled state","invocations":1,"location":null,"numPassingAsserts":2,"retryReasons":[],"status":"passed","title":"should handle disabled state"},{"ancestorTitles":["FormField Component"],"duration":1,"failureDetails":[],"failureMessages":[],"fullName":"FormField Component should pass through input props","invocations":1,"location":null,"numPassingAsserts":3,"retryReasons":[],"status":"passed","title":"should pass through input props"},{"ancestorTitles":["FormField Component"],"duration":3,"failureDetails":[],"failureMessages":[],"fullName":"FormField Component should have proper dark mode classes","invocations":1,"location":null,"numPassingAsserts":3,"retryReasons":[],"status":"passed","title":"should have proper dark mode classes"}],"endTime":1759036409599,"message":"","name":"/Users/fatih/Development/financecim/__tests__/components/forms/form-field.test.tsx","startTime":1759036408973,"status":"passed","summary":""},{"assertionResults":[{"ancestorTitles":["CategoryDropdown"],"duration":53,"failureDetails":[],"failureMessages":[],"fullName":"CategoryDropdown renders without crashing","invocations":1,"location":null,"numPassingAsserts":1,"retryReasons":[],"status":"passed","title":"renders without crashing"},{"ancestorTitles":["CategoryDropdown"],"duration":5,"failureDetails":[],"failureMessages":[],"fullName":"CategoryDropdown handles loading state","invocations":1,"location":null,"numPassingAsserts":1,"retryReasons":[],"status":"passed","title":"handles loading state"}],"endTime":1759036409614,"message":"","name":"/Users/fatih/Development/financecim/__tests__/components/forms/CategoryDropdown.test.tsx","startTime":1759036409376,"status":"passed","summary":""},{"assertionResults":[{"ancestorTitles":["CustomDropdown Component","Basic Rendering"],"duration":22,"failureDetails":[],"failureMessages":[],"fullName":"CustomDropdown Component Basic Rendering renders with placeholder when no value selected","invocations":1,"location":null,"numPassingAsserts":1,"retryReasons":[],"status":"passed","title":"renders with placeholder when no value selected"},{"ancestorTitles":["CustomDropdown Component","Basic Rendering"],"duration":3,"failureDetails":[],"failureMessages":[],"fullName":"CustomDropdown Component Basic Rendering renders with default placeholder when none provided","invocations":1,"location":null,"numPassingAsserts":1,"retryReasons":[],"status":"passed","title":"renders with default placeholder when none provided"},{"ancestorTitles":["CustomDropdown Component","Basic Rendering"],"duration":2,"failureDetails":[],"failureMessages":[],"fullName":"CustomDropdown Component Basic Rendering renders selected option label","invocations":1,"location":null,"numPassingAsserts":1,"retryReasons":[],"status":"passed","title":"renders selected option label"},{"ancestorTitles":["CustomDropdown Component","Basic Rendering"],"duration":1,"failureDetails":[],"failureMessages":[],"fullName":"CustomDropdown Component Basic Rendering applies custom className","invocations":1,"location":null,"numPassingAsserts":1,"retryReasons":[],"status":"passed","title":"applies custom className"},{"ancestorTitles":["CustomDropdown Component","Basic Rendering"],"duration":2,"failureDetails":[],"failureMessages":[],"fullName":"CustomDropdown Component Basic Rendering renders chevron icon","invocations":1,"location":null,"numPassingAsserts":1,"retryReasons":[],"status":"passed","title":"renders chevron icon"},{"ancestorTitles":["CustomDropdown Component","Dropdown Interaction"],"duration":39,"failureDetails":[],"failureMessages":[],"fullName":"CustomDropdown Component Dropdown Interaction opens dropdown when clicked","invocations":1,"location":null,"numPassingAsserts":4,"retryReasons":[],"status":"passed","title":"opens dropdown when clicked"},{"ancestorTitles":["CustomDropdown Component","Dropdown Interaction"],"duration":12,"failureDetails":[],"failureMessages":[],"fullName":"CustomDropdown Component Dropdown Interaction closes dropdown when clicked again","invocations":1,"location":null,"numPassingAsserts":2,"retryReasons":[],"status":"passed","title":"closes dropdown when clicked again"},{"ancestorTitles":["CustomDropdown Component","Dropdown Interaction"],"duration":6,"failureDetails":[],"failureMessages":[],"fullName":"CustomDropdown Component Dropdown Interaction selects option when clicked","invocations":1,"location":null,"numPassingAsserts":2,"retryReasons":[],"status":"passed","title":"selects option when clicked"},{"ancestorTitles":["CustomDropdown Component","Dropdown Interaction"],"duration":32,"failureDetails":[],"failureMessages":[],"fullName":"CustomDropdown Component Dropdown Interaction closes dropdown when clicking outside","invocations":1,"location":null,"numPassingAsserts":2,"retryReasons":[],"status":"passed","title":"closes dropdown when clicking outside"},{"ancestorTitles":["CustomDropdown Component","Disabled State"],"duration":4,"failureDetails":[],"failureMessages":[],"fullName":"CustomDropdown Component Disabled State does not open when disabled","invocations":1,"location":null,"numPassingAsserts":1,"retryReasons":[],"status":"passed","title":"does not open when disabled"},{"ancestorTitles":["CustomDropdown Component","Disabled State"],"duration":3,"failureDetails":[],"failureMessages":[],"fullName":"CustomDropdown Component Disabled State applies disabled styles","invocations":1,"location":null,"numPassingAsserts":2,"retryReasons":[],"status":"passed","title":"applies disabled styles"},{"ancestorTitles":["CustomDropdown Component","Keyboard Navigation"],"duration":35,"failureDetails":[],"failureMessages":[],"fullName":"CustomDropdown Component Keyboard Navigation navigates options with arrow keys","invocations":1,"location":null,"numPassingAsserts":2,"retryReasons":[],"status":"passed","title":"navigates options with arrow keys"},{"ancestorTitles":["CustomDropdown Component","Keyboard Navigation"],"duration":6,"failureDetails":[],"failureMessages":[],"fullName":"CustomDropdown Component Keyboard Navigation selects option with Enter key","invocations":1,"location":null,"numPassingAsserts":2,"retryReasons":[],"status":"passed","title":"selects option with Enter key"},{"ancestorTitles":["CustomDropdown Component","Keyboard Navigation"],"duration":4,"failureDetails":[],"failureMessages":[],"fullName":"CustomDropdown Component Keyboard Navigation selects option with Space key","invocations":1,"location":null,"numPassingAsserts":2,"retryReasons":[],"status":"passed","title":"selects option with Space key"},{"ancestorTitles":["CustomDropdown Component","Keyboard Navigation"],"duration":4,"failureDetails":[],"failureMessages":[],"fullName":"CustomDropdown Component Keyboard Navigation closes dropdown with Escape key","invocations":1,"location":null,"numPassingAsserts":2,"retryReasons":[],"status":"passed","title":"closes dropdown with Escape key"},{"ancestorTitles":["CustomDropdown Component","Keyboard Navigation"],"duration":4,"failureDetails":[],"failureMessages":[],"fullName":"CustomDropdown Component Keyboard Navigation wraps around when navigating past boundaries","invocations":1,"location":null,"numPassingAsserts":1,"retryReasons":[],"status":"passed","title":"wraps around when navigating past boundaries"},{"ancestorTitles":["CustomDropdown Component","Custom Render Props"],"duration":1,"failureDetails":[],"failureMessages":[],"fullName":"CustomDropdown Component Custom Render Props uses custom renderTrigger function","invocations":1,"location":null,"numPassingAsserts":3,"retryReasons":[],"status":"passed","title":"uses custom renderTrigger function"},{"ancestorTitles":["CustomDropdown Component","Custom Render Props"],"duration":3,"failureDetails":[],"failureMessages":[],"fullName":"CustomDropdown Component Custom Render Props uses custom renderOption function","invocations":1,"location":null,"numPassingAsserts":3,"retryReasons":[],"status":"passed","title":"uses custom renderOption function"},{"ancestorTitles":["CustomDropdown Component","Special Option Features"],"duration":16,"failureDetails":[],"failureMessages":[],"fullName":"CustomDropdown Component Special Option Features renders option with indent","invocations":1,"location":null,"numPassingAsserts":2,"retryReasons":[],"status":"passed","title":"renders option with indent"},{"ancestorTitles":["CustomDropdown Component","Special Option Features"],"duration":3,"failureDetails":[],"failureMessages":[],"fullName":"CustomDropdown Component Special Option Features highlights selected option","invocations":1,"location":null,"numPassingAsserts":1,"retryReasons":[],"status":"passed","title":"highlights selected option"},{"ancestorTitles":["CustomDropdown Component","Special Option Features"],"duration":3,"failureDetails":[],"failureMessages":[],"fullName":"CustomDropdown Component Special Option Features highlights hovered option","invocations":1,"location":null,"numPassingAsserts":1,"retryReasons":[],"status":"passed","title":"highlights hovered option"},{"ancestorTitles":["CustomDropdown Component","Accessibility"],"duration":13,"failureDetails":[],"failureMessages":[],"fullName":"CustomDropdown Component Accessibility has proper ARIA attributes on trigger","invocations":1,"location":null,"numPassingAsserts":4,"retryReasons":[],"status":"passed","title":"has proper ARIA attributes on trigger"},{"ancestorTitles":["CustomDropdown Component","Accessibility"],"duration":6,"failureDetails":[],"failureMessages":[],"fullName":"CustomDropdown Component Accessibility has proper ARIA attributes on options","invocations":1,"location":null,"numPassingAsserts":3,"retryReasons":[],"status":"passed","title":"has proper ARIA attributes on options"},{"ancestorTitles":["CustomDropdown Component","Edge Cases"],"duration":25,"failureDetails":[],"failureMessages":[],"fullName":"CustomDropdown Component Edge Cases handles empty options array","invocations":1,"location":null,"numPassingAsserts":2,"retryReasons":[],"status":"passed","title":"handles empty options array"},{"ancestorTitles":["CustomDropdown Component","Edge Cases"],"duration":3,"failureDetails":[],"failureMessages":[],"fullName":"CustomDropdown Component Edge Cases handles option without value","invocations":1,"location":null,"numPassingAsserts":1,"retryReasons":[],"status":"passed","title":"handles option without value"},{"ancestorTitles":["CustomDropdown Component","Edge Cases"],"duration":0,"failureDetails":[],"failureMessages":[],"fullName":"CustomDropdown Component Edge Cases handles non-existent selected value gracefully","invocations":1,"location":null,"numPassingAsserts":1,"retryReasons":[],"status":"passed","title":"handles non-existent selected value gracefully"}],"endTime":1759036409617,"message":"","name":"/Users/fatih/Development/financecim/__tests__/components/ui/CustomDropdown.test.tsx","startTime":1759036408937,"status":"passed","summary":""},{"assertionResults":[{"ancestorTitles":["FormTextarea Component"],"duration":11,"failureDetails":[],"failureMessages":[],"fullName":"FormTextarea Component should render basic textarea","invocations":1,"location":null,"numPassingAsserts":3,"retryReasons":[],"status":"passed","title":"should render basic textarea"},{"ancestorTitles":["FormTextarea Component"],"duration":3,"failureDetails":[],"failureMessages":[],"fullName":"FormTextarea Component should render with label","invocations":1,"location":null,"numPassingAsserts":2,"retryReasons":[],"status":"passed","title":"should render with label"},{"ancestorTitles":["FormTextarea Component"],"duration":2,"failureDetails":[],"failureMessages":[],"fullName":"FormTextarea Component should show required asterisk when required prop is true","invocations":1,"location":null,"numPassingAsserts":2,"retryReasons":[],"status":"passed","title":"should show required asterisk when required prop is true"},{"ancestorTitles":["FormTextarea Component"],"duration":2,"failureDetails":[],"failureMessages":[],"fullName":"FormTextarea Component should display error message","invocations":1,"location":null,"numPassingAsserts":3,"retryReasons":[],"status":"passed","title":"should display error message"},{"ancestorTitles":["FormTextarea Component"],"duration":2,"failureDetails":[],"failureMessages":[],"fullName":"FormTextarea Component should display hint text when no error","invocations":1,"location":null,"numPassingAsserts":2,"retryReasons":[],"status":"passed","title":"should display hint text when no error"},{"ancestorTitles":["FormTextarea Component"],"duration":1,"failureDetails":[],"failureMessages":[],"fullName":"FormTextarea Component should not display hint when error is present","invocations":1,"location":null,"numPassingAsserts":2,"retryReasons":[],"status":"passed","title":"should not display hint when error is present"},{"ancestorTitles":["FormTextarea Component"],"duration":4,"failureDetails":[],"failureMessages":[],"fullName":"FormTextarea Component should forward ref correctly","invocations":1,"location":null,"numPassingAsserts":2,"retryReasons":[],"status":"passed","title":"should forward ref correctly"},{"ancestorTitles":["FormTextarea Component"],"duration":181,"failureDetails":[],"failureMessages":[],"fullName":"FormTextarea Component should handle user input","invocations":1,"location":null,"numPassingAsserts":1,"retryReasons":[],"status":"passed","title":"should handle user input"},{"ancestorTitles":["FormTextarea Component"],"duration":1,"failureDetails":[],"failureMessages":[],"fullName":"FormTextarea Component should apply custom className","invocations":1,"location":null,"numPassingAsserts":1,"retryReasons":[],"status":"passed","title":"should apply custom className"},{"ancestorTitles":["FormTextarea Component"],"duration":3,"failureDetails":[],"failureMessages":[],"fullName":"FormTextarea Component should handle disabled state","invocations":1,"location":null,"numPassingAsserts":2,"retryReasons":[],"status":"passed","title":"should handle disabled state"},{"ancestorTitles":["FormTextarea Component"],"duration":1,"failureDetails":[],"failureMessages":[],"fullName":"FormTextarea Component should pass through textarea props","invocations":1,"location":null,"numPassingAsserts":3,"retryReasons":[],"status":"passed","title":"should pass through textarea props"},{"ancestorTitles":["FormTextarea Component"],"duration":2,"failureDetails":[],"failureMessages":[],"fullName":"FormTextarea Component should have proper dark mode classes","invocations":1,"location":null,"numPassingAsserts":3,"retryReasons":[],"status":"passed","title":"should have proper dark mode classes"},{"ancestorTitles":["FormTextarea Component"],"duration":0,"failureDetails":[],"failureMessages":[],"fullName":"FormTextarea Component should be resizable vertically only","invocations":1,"location":null,"numPassingAsserts":1,"retryReasons":[],"status":"passed","title":"should be resizable vertically only"}],"endTime":1759036409639,"message":"","name":"/Users/fatih/Development/financecim/__tests__/components/forms/form-textarea.test.tsx","startTime":1759036408952,"status":"passed","summary":""},{"assertionResults":[{"ancestorTitles":["FormSelect Component"],"duration":15,"failureDetails":[],"failureMessages":[],"fullName":"FormSelect Component should render select with options","invocations":1,"location":null,"numPassingAsserts":3,"retryReasons":[],"status":"passed","title":"should render select with options"},{"ancestorTitles":["FormSelect Component"],"duration":2,"failureDetails":[],"failureMessages":[],"fullName":"FormSelect Component should render with label","invocations":1,"location":null,"numPassingAsserts":2,"retryReasons":[],"status":"passed","title":"should render with label"},{"ancestorTitles":["FormSelect Component"],"duration":27,"failureDetails":[],"failureMessages":[],"fullName":"FormSelect Component should show required asterisk when required prop is true","invocations":1,"location":null,"numPassingAsserts":2,"retryReasons":[],"status":"passed","title":"should show required asterisk when required prop is true"},{"ancestorTitles":["FormSelect Component"],"duration":4,"failureDetails":[],"failureMessages":[],"fullName":"FormSelect Component should display placeholder option","invocations":1,"location":null,"numPassingAsserts":2,"retryReasons":[],"status":"passed","title":"should display placeholder option"},{"ancestorTitles":["FormSelect Component"],"duration":33,"failureDetails":[],"failureMessages":[],"fullName":"FormSelect Component should display error message","invocations":1,"location":null,"numPassingAsserts":3,"retryReasons":[],"status":"passed","title":"should display error message"},{"ancestorTitles":["FormSelect Component"],"duration":9,"failureDetails":[],"failureMessages":[],"fullName":"FormSelect Component should display hint text when no error","invocations":1,"location":null,"numPassingAsserts":2,"retryReasons":[],"status":"passed","title":"should display hint text when no error"},{"ancestorTitles":["FormSelect Component"],"duration":2,"failureDetails":[],"failureMessages":[],"fullName":"FormSelect Component should not display hint when error is present","invocations":1,"location":null,"numPassingAsserts":2,"retryReasons":[],"status":"passed","title":"should not display hint when error is present"},{"ancestorTitles":["FormSelect Component"],"duration":8,"failureDetails":[],"failureMessages":[],"fullName":"FormSelect Component should forward ref correctly","invocations":1,"location":null,"numPassingAsserts":2,"retryReasons":[],"status":"passed","title":"should forward ref correctly"},{"ancestorTitles":["FormSelect Component"],"duration":51,"failureDetails":[],"failureMessages":[],"fullName":"FormSelect Component should handle user selection","invocations":1,"location":null,"numPassingAsserts":2,"retryReasons":[],"status":"passed","title":"should handle user selection"},{"ancestorTitles":["FormSelect Component"],"duration":4,"failureDetails":[],"failureMessages":[],"fullName":"FormSelect Component should apply custom className","invocations":1,"location":null,"numPassingAsserts":1,"retryReasons":[],"status":"passed","title":"should apply custom className"},{"ancestorTitles":["FormSelect Component"],"duration":6,"failureDetails":[],"failureMessages":[],"fullName":"FormSelect Component should handle disabled state","invocations":1,"location":null,"numPassingAsserts":2,"retryReasons":[],"status":"passed","title":"should handle disabled state"},{"ancestorTitles":["FormSelect Component"],"duration":7,"failureDetails":[],"failureMessages":[],"fullName":"FormSelect Component should disable specific options","invocations":1,"location":null,"numPassingAsserts":2,"retryReasons":[],"status":"passed","title":"should disable specific options"},{"ancestorTitles":["FormSelect Component"],"duration":3,"failureDetails":[],"failureMessages":[],"fullName":"FormSelect Component should pass through select props","invocations":1,"location":null,"numPassingAsserts":2,"retryReasons":[],"status":"passed","title":"should pass through select props"},{"ancestorTitles":["FormSelect Component"],"duration":16,"failureDetails":[],"failureMessages":[],"fullName":"FormSelect Component should have proper dark mode classes","invocations":1,"location":null,"numPassingAsserts":3,"retryReasons":[],"status":"passed","title":"should have proper dark mode classes"},{"ancestorTitles":["FormSelect Component"],"duration":2,"failureDetails":[],"failureMessages":[],"fullName":"FormSelect Component should render chevron down icon","invocations":1,"location":null,"numPassingAsserts":3,"retryReasons":[],"status":"passed","title":"should render chevron down icon"},{"ancestorTitles":["FormSelect Component"],"duration":3,"failureDetails":[],"failureMessages":[],"fullName":"FormSelect Component should have appearance-none class for custom styling","invocations":1,"location":null,"numPassingAsserts":1,"retryReasons":[],"status":"passed","title":"should have appearance-none class for custom styling"}],"endTime":1759036409645,"message":"","name":"/Users/fatih/Development/financecim/__tests__/components/forms/form-select.test.tsx","startTime":1759036408975,"status":"passed","summary":""},{"assertionResults":[{"ancestorTitles":["/api/transactions/bulk","PUT (bulk update)"],"duration":4,"failureDetails":[],"failureMessages":[],"fullName":"/api/transactions/bulk PUT (bulk update) should perform bulk update with valid data","invocations":1,"location":null,"numPassingAsserts":3,"retryReasons":[],"status":"passed","title":"should perform bulk update with valid data"},{"ancestorTitles":["/api/transactions/bulk","PUT (bulk update)"],"duration":1,"failureDetails":[],"failureMessages":[],"fullName":"/api/transactions/bulk PUT (bulk update) should handle single transaction update","invocations":1,"location":null,"numPassingAsserts":2,"retryReasons":[],"status":"passed","title":"should handle single transaction update"},{"ancestorTitles":["/api/transactions/bulk","PUT (bulk update)"],"duration":1,"failureDetails":[],"failureMessages":[],"fullName":"/api/transactions/bulk PUT (bulk update) should update with partial data","invocations":1,"location":null,"numPassingAsserts":3,"retryReasons":[],"status":"passed","title":"should update with partial data"},{"ancestorTitles":["/api/transactions/bulk","PUT (bulk update)"],"duration":18,"failureDetails":[],"failureMessages":[],"fullName":"/api/transactions/bulk PUT (bulk update) should return 400 for empty IDs array","invocations":1,"location":null,"numPassingAsserts":4,"retryReasons":[],"status":"passed","title":"should return 400 for empty IDs array"},{"ancestorTitles":["/api/transactions/bulk","PUT (bulk update)"],"duration":1,"failureDetails":[],"failureMessages":[],"fullName":"/api/transactions/bulk PUT (bulk update) should return 400 for invalid ID types","invocations":1,"location":null,"numPassingAsserts":3,"retryReasons":[],"status":"passed","title":"should return 400 for invalid ID types"},{"ancestorTitles":["/api/transactions/bulk","PUT (bulk update)"],"duration":1,"failureDetails":[],"failureMessages":[],"fullName":"/api/transactions/bulk PUT (bulk update) should return 400 for empty update data","invocations":1,"location":null,"numPassingAsserts":3,"retryReasons":[],"status":"passed","title":"should return 400 for empty update data"},{"ancestorTitles":["/api/transactions/bulk","PUT (bulk update)"],"duration":1,"failureDetails":[],"failureMessages":[],"fullName":"/api/transactions/bulk PUT (bulk update) should return 400 for invalid data types in update","invocations":1,"location":null,"numPassingAsserts":3,"retryReasons":[],"status":"passed","title":"should return 400 for invalid data types in update"},{"ancestorTitles":["/api/transactions/bulk","PUT (bulk update)"],"duration":0,"failureDetails":[],"failureMessages":[],"fullName":"/api/transactions/bulk PUT (bulk update) should handle foreign key constraint errors","invocations":1,"location":null,"numPassingAsserts":2,"retryReasons":[],"status":"passed","title":"should handle foreign key constraint errors"},{"ancestorTitles":["/api/transactions/bulk","PUT (bulk update)"],"duration":29,"failureDetails":[],"failureMessages":[],"fullName":"/api/transactions/bulk PUT (bulk update) should handle database errors","invocations":1,"location":null,"numPassingAsserts":2,"retryReasons":[],"status":"passed","title":"should handle database errors"},{"ancestorTitles":["/api/transactions/bulk","DELETE (bulk delete)"],"duration":1,"failureDetails":[],"failureMessages":[],"fullName":"/api/transactions/bulk DELETE (bulk delete) should perform bulk delete with valid data","invocations":1,"location":null,"numPassingAsserts":3,"retryReasons":[],"status":"passed","title":"should perform bulk delete with valid data"},{"ancestorTitles":["/api/transactions/bulk","DELETE (bulk delete)"],"duration":1,"failureDetails":[],"failureMessages":[],"fullName":"/api/transactions/bulk DELETE (bulk delete) should handle single transaction delete","invocations":1,"location":null,"numPassingAsserts":2,"retryReasons":[],"status":"passed","title":"should handle single transaction delete"},{"ancestorTitles":["/api/transactions/bulk","DELETE (bulk delete)"],"duration":2,"failureDetails":[],"failureMessages":[],"fullName":"/api/transactions/bulk DELETE (bulk delete) should return 400 for empty IDs array","invocations":1,"location":null,"numPassingAsserts":3,"retryReasons":[],"status":"passed","title":"should return 400 for empty IDs array"},{"ancestorTitles":["/api/transactions/bulk","DELETE (bulk delete)"],"duration":1,"failureDetails":[],"failureMessages":[],"fullName":"/api/transactions/bulk DELETE (bulk delete) should return 400 for invalid ID types","invocations":1,"location":null,"numPassingAsserts":3,"retryReasons":[],"status":"passed","title":"should return 400 for invalid ID types"},{"ancestorTitles":["/api/transactions/bulk","DELETE (bulk delete)"],"duration":0,"failureDetails":[],"failureMessages":[],"fullName":"/api/transactions/bulk DELETE (bulk delete) should handle database errors","invocations":1,"location":null,"numPassingAsserts":2,"retryReasons":[],"status":"passed","title":"should handle database errors"},{"ancestorTitles":["/api/transactions/bulk","DELETE (bulk delete)"],"duration":3,"failureDetails":[],"failureMessages":[],"fullName":"/api/transactions/bulk DELETE (bulk delete) should handle invalid JSON","invocations":1,"location":null,"numPassingAsserts":1,"retryReasons":[],"status":"passed","title":"should handle invalid JSON"}],"endTime":1759036409672,"message":"","name":"/Users/fatih/Development/financecim/__tests__/api/transactions/bulk/route.test.ts","startTime":1759036409529,"status":"passed","summary":""},{"assertionResults":[{"ancestorTitles":["FormCheckbox Component"],"duration":45,"failureDetails":[],"failureMessages":[],"fullName":"FormCheckbox Component should render basic checkbox","invocations":1,"location":null,"numPassingAsserts":3,"retryReasons":[],"status":"passed","title":"should render basic checkbox"},{"ancestorTitles":["FormCheckbox Component"],"duration":3,"failureDetails":[],"failureMessages":[],"fullName":"FormCheckbox Component should render with label","invocations":1,"location":null,"numPassingAsserts":2,"retryReasons":[],"status":"passed","title":"should render with label"},{"ancestorTitles":["FormCheckbox Component"],"duration":15,"failureDetails":[],"failureMessages":[],"fullName":"FormCheckbox Component should display error message","invocations":1,"location":null,"numPassingAsserts":3,"retryReasons":[],"status":"passed","title":"should display error message"},{"ancestorTitles":["FormCheckbox Component"],"duration":2,"failureDetails":[],"failureMessages":[],"fullName":"FormCheckbox Component should display hint text when no error","invocations":1,"location":null,"numPassingAsserts":2,"retryReasons":[],"status":"passed","title":"should display hint text when no error"},{"ancestorTitles":["FormCheckbox Component"],"duration":3,"failureDetails":[],"failureMessages":[],"fullName":"FormCheckbox Component should not display hint when error is present","invocations":1,"location":null,"numPassingAsserts":2,"retryReasons":[],"status":"passed","title":"should not display hint when error is present"},{"ancestorTitles":["FormCheckbox Component"],"duration":1,"failureDetails":[],"failureMessages":[],"fullName":"FormCheckbox Component should forward ref correctly","invocations":1,"location":null,"numPassingAsserts":2,"retryReasons":[],"status":"passed","title":"should forward ref correctly"},{"ancestorTitles":["FormCheckbox Component"],"duration":75,"failureDetails":[],"failureMessages":[],"fullName":"FormCheckbox Component should handle user clicks","invocations":1,"location":null,"numPassingAsserts":2,"retryReasons":[],"status":"passed","title":"should handle user clicks"},{"ancestorTitles":["FormCheckbox Component"],"duration":4,"failureDetails":[],"failureMessages":[],"fullName":"FormCheckbox Component should apply custom className","invocations":1,"location":null,"numPassingAsserts":1,"retryReasons":[],"status":"passed","title":"should apply custom className"},{"ancestorTitles":["FormCheckbox Component"],"duration":3,"failureDetails":[],"failureMessages":[],"fullName":"FormCheckbox Component should handle disabled state","invocations":1,"location":null,"numPassingAsserts":1,"retryReasons":[],"status":"passed","title":"should handle disabled state"},{"ancestorTitles":["FormCheckbox Component"],"duration":2,"failureDetails":[],"failureMessages":[],"fullName":"FormCheckbox Component should handle checked state","invocations":1,"location":null,"numPassingAsserts":1,"retryReasons":[],"status":"passed","title":"should handle checked state"},{"ancestorTitles":["FormCheckbox Component"],"duration":3,"failureDetails":[],"failureMessages":[],"fullName":"FormCheckbox Component should pass through input props","invocations":1,"location":null,"numPassingAsserts":3,"retryReasons":[],"status":"passed","title":"should pass through input props"},{"ancestorTitles":["FormCheckbox Component"],"duration":5,"failureDetails":[],"failureMessages":[],"fullName":"FormCheckbox Component should have proper dark mode classes","invocations":1,"location":null,"numPassingAsserts":3,"retryReasons":[],"status":"passed","title":"should have proper dark mode classes"},{"ancestorTitles":["FormCheckbox Component"],"duration":2,"failureDetails":[],"failureMessages":[],"fullName":"FormCheckbox Component should have proper layout structure","invocations":1,"location":null,"numPassingAsserts":2,"retryReasons":[],"status":"passed","title":"should have proper layout structure"},{"ancestorTitles":["FormCheckbox Component"],"duration":39,"failureDetails":[],"failureMessages":[],"fullName":"FormCheckbox Component should handle controlled checkbox","invocations":1,"location":null,"numPassingAsserts":3,"retryReasons":[],"status":"passed","title":"should handle controlled checkbox"},{"ancestorTitles":["FormCheckbox Component"],"duration":2,"failureDetails":[],"failureMessages":[],"fullName":"FormCheckbox Component should have focus ring styles","invocations":1,"location":null,"numPassingAsserts":1,"retryReasons":[],"status":"passed","title":"should have focus ring styles"}],"endTime":1759036409686,"message":"","name":"/Users/fatih/Development/financecim/__tests__/components/forms/form-checkbox.test.tsx","startTime":1759036408993,"status":"passed","summary":""},{"assertionResults":[{"ancestorTitles":["Confirm","Rendering"],"duration":15,"failureDetails":[],"failureMessages":[],"fullName":"Confirm Rendering does not render when isOpen is false","invocations":1,"location":null,"numPassingAsserts":1,"retryReasons":[],"status":"passed","title":"does not render when isOpen is false"},{"ancestorTitles":["Confirm","Rendering"],"duration":7,"failureDetails":[],"failureMessages":[],"fullName":"Confirm Rendering renders modal when isOpen is true","invocations":1,"location":null,"numPassingAsserts":2,"retryReasons":[],"status":"passed","title":"renders modal when isOpen is true"},{"ancestorTitles":["Confirm","Rendering"],"duration":2,"failureDetails":[],"failureMessages":[],"fullName":"Confirm Rendering displays custom title","invocations":1,"location":null,"numPassingAsserts":1,"retryReasons":[],"status":"passed","title":"displays custom title"},{"ancestorTitles":["Confirm","Rendering"],"duration":3,"failureDetails":[],"failureMessages":[],"fullName":"Confirm Rendering displays custom message","invocations":1,"location":null,"numPassingAsserts":1,"retryReasons":[],"status":"passed","title":"displays custom message"},{"ancestorTitles":["Confirm","Rendering"],"duration":2,"failureDetails":[],"failureMessages":[],"fullName":"Confirm Rendering displays custom button texts","invocations":1,"location":null,"numPassingAsserts":2,"retryReasons":[],"status":"passed","title":"displays custom button texts"},{"ancestorTitles":["Confirm","Variant Styles"],"duration":11,"failureDetails":[],"failureMessages":[],"fullName":"Confirm Variant Styles renders danger variant with correct styling","invocations":1,"location":null,"numPassingAsserts":2,"retryReasons":[],"status":"passed","title":"renders danger variant with correct styling"},{"ancestorTitles":["Confirm","Variant Styles"],"duration":2,"failureDetails":[],"failureMessages":[],"fullName":"Confirm Variant Styles renders warning variant with correct styling","invocations":1,"location":null,"numPassingAsserts":2,"retryReasons":[],"status":"passed","title":"renders warning variant with correct styling"},{"ancestorTitles":["Confirm","Variant Styles"],"duration":2,"failureDetails":[],"failureMessages":[],"fullName":"Confirm Variant Styles renders success variant with correct styling","invocations":1,"location":null,"numPassingAsserts":2,"retryReasons":[],"status":"passed","title":"renders success variant with correct styling"},{"ancestorTitles":["Confirm","Variant Styles"],"duration":7,"failureDetails":[],"failureMessages":[],"fullName":"Confirm Variant Styles renders info variant with correct styling","invocations":1,"location":null,"numPassingAsserts":2,"retryReasons":[],"status":"passed","title":"renders info variant with correct styling"},{"ancestorTitles":["Confirm","User Interactions"],"duration":54,"failureDetails":[],"failureMessages":[],"fullName":"Confirm User Interactions calls onConfirm when confirm button is clicked","invocations":1,"location":null,"numPassingAsserts":1,"retryReasons":[],"status":"passed","title":"calls onConfirm when confirm button is clicked"},{"ancestorTitles":["Confirm","User Interactions"],"duration":15,"failureDetails":[],"failureMessages":[],"fullName":"Confirm User Interactions calls onClose when cancel button is clicked","invocations":1,"location":null,"numPassingAsserts":1,"retryReasons":[],"status":"passed","title":"calls onClose when cancel button is clicked"},{"ancestorTitles":["Confirm","User Interactions"],"duration":19,"failureDetails":[],"failureMessages":[],"fullName":"Confirm User Interactions calls onClose when clicking backdrop","invocations":1,"location":null,"numPassingAsserts":1,"retryReasons":[],"status":"passed","title":"calls onClose when clicking backdrop"},{"ancestorTitles":["Confirm","User Interactions"],"duration":18,"failureDetails":[],"failureMessages":[],"fullName":"Confirm User Interactions does not close when clicking modal content","invocations":1,"location":null,"numPassingAsserts":1,"retryReasons":[],"status":"passed","title":"does not close when clicking modal content"},{"ancestorTitles":["Confirm","User Interactions"],"duration":6,"failureDetails":[],"failureMessages":[],"fullName":"Confirm User Interactions calls onClose when pressing Escape key","invocations":1,"location":null,"numPassingAsserts":1,"retryReasons":[],"status":"passed","title":"calls onClose when pressing Escape key"},{"ancestorTitles":["Confirm","Loading State"],"duration":2,"failureDetails":[],"failureMessages":[],"fullName":"Confirm Loading State shows loading state when isLoading is true","invocations":1,"location":null,"numPassingAsserts":4,"retryReasons":[],"status":"passed","title":"shows loading state when isLoading is true"},{"ancestorTitles":["Confirm","Loading State"],"duration":2,"failureDetails":[],"failureMessages":[],"fullName":"Confirm Loading State shows normal state when isLoading is false","invocations":1,"location":null,"numPassingAsserts":4,"retryReasons":[],"status":"passed","title":"shows normal state when isLoading is false"},{"ancestorTitles":["Confirm","Loading State"],"duration":53,"failureDetails":[],"failureMessages":[],"fullName":"Confirm Loading State prevents interactions when loading","invocations":1,"location":null,"numPassingAsserts":2,"retryReasons":[],"status":"passed","title":"prevents interactions when loading"},{"ancestorTitles":["Confirm","Button Styling"],"duration":2,"failureDetails":[],"failureMessages":[],"fullName":"Confirm Button Styling cancel button has correct styling","invocations":1,"location":null,"numPassingAsserts":3,"retryReasons":[],"status":"passed","title":"cancel button has correct styling"},{"ancestorTitles":["Confirm","Button Styling"],"duration":1,"failureDetails":[],"failureMessages":[],"fullName":"Confirm Button Styling confirm button has cursor pointer","invocations":1,"location":null,"numPassingAsserts":1,"retryReasons":[],"status":"passed","title":"confirm button has cursor pointer"},{"ancestorTitles":["Confirm","Edge Cases"],"duration":1,"failureDetails":[],"failureMessages":[],"fullName":"Confirm Edge Cases handles empty title gracefully","invocations":1,"location":null,"numPassingAsserts":1,"retryReasons":[],"status":"passed","title":"handles empty title gracefully"},{"ancestorTitles":["Confirm","Edge Cases"],"duration":1,"failureDetails":[],"failureMessages":[],"fullName":"Confirm Edge Cases handles empty message gracefully","invocations":1,"location":null,"numPassingAsserts":1,"retryReasons":[],"status":"passed","title":"handles empty message gracefully"},{"ancestorTitles":["Confirm","Edge Cases"],"duration":2,"failureDetails":[],"failureMessages":[],"fullName":"Confirm Edge Cases handles long title and message","invocations":1,"location":null,"numPassingAsserts":2,"retryReasons":[],"status":"passed","title":"handles long title and message"},{"ancestorTitles":["Confirm","Edge Cases"],"duration":1,"failureDetails":[],"failureMessages":[],"fullName":"Confirm Edge Cases escapes HTML content to prevent XSS","invocations":1,"location":null,"numPassingAsserts":3,"retryReasons":[],"status":"passed","title":"escapes HTML content to prevent XSS"},{"ancestorTitles":["Confirm","Accessibility"],"duration":22,"failureDetails":[],"failureMessages":[],"fullName":"Confirm Accessibility has proper button roles and text","invocations":1,"location":null,"numPassingAsserts":2,"retryReasons":[],"status":"passed","title":"has proper button roles and text"},{"ancestorTitles":["Confirm","Accessibility"],"duration":26,"failureDetails":[],"failureMessages":[],"fullName":"Confirm Accessibility focuses are manageable with keyboard navigation","invocations":1,"location":null,"numPassingAsserts":2,"retryReasons":[],"status":"passed","title":"focuses are manageable with keyboard navigation"},{"ancestorTitles":["Confirm","Props Validation"],"duration":1,"failureDetails":[],"failureMessages":[],"fullName":"Confirm Props Validation uses default props when not provided","invocations":1,"location":null,"numPassingAsserts":5,"retryReasons":[],"status":"passed","title":"uses default props when not provided"},{"ancestorTitles":["Confirm","Props Validation"],"duration":4,"failureDetails":[],"failureMessages":[],"fullName":"Confirm Props Validation accepts all variant types","invocations":1,"location":null,"numPassingAsserts":4,"retryReasons":[],"status":"passed","title":"accepts all variant types"}],"endTime":1759036409735,"message":"","name":"/Users/fatih/Development/financecim/__tests__/components/ui/confirm.test.tsx","startTime":1759036408960,"status":"passed","summary":""},{"assertionResults":[{"ancestorTitles":["transactionsModel with hash"],"duration":38,"failureDetails":[],"failureMessages":[],"fullName":"transactionsModel with hash creates transaction with auto-generated hash and fetches by hash","invocations":1,"location":null,"numPassingAsserts":5,"retryReasons":[],"status":"passed","title":"creates transaction with auto-generated hash and fetches by hash"}],"endTime":1759036409745,"message":"","name":"/Users/fatih/Development/financecim/__tests__/db/models/transactions.model.test.ts","startTime":1759036409631,"status":"passed","summary":""},{"assertionResults":[{"ancestorTitles":["/api/transactions/[id]","GET"],"duration":3,"failureDetails":[],"failureMessages":[],"fullName":"/api/transactions/[id] GET should fetch transaction by valid ID","invocations":1,"location":null,"numPassingAsserts":3,"retryReasons":[],"status":"passed","title":"should fetch transaction by valid ID"},{"ancestorTitles":["/api/transactions/[id]","GET"],"duration":2,"failureDetails":[],"failureMessages":[],"fullName":"/api/transactions/[id] GET should return 404 for non-existent transaction","invocations":1,"location":null,"numPassingAsserts":3,"retryReasons":[],"status":"passed","title":"should return 404 for non-existent transaction"},{"ancestorTitles":["/api/transactions/[id]","GET"],"duration":0,"failureDetails":[],"failureMessages":[],"fullName":"/api/transactions/[id] GET should return 400 for invalid ID","invocations":1,"location":null,"numPassingAsserts":3,"retryReasons":[],"status":"passed","title":"should return 400 for invalid ID"},{"ancestorTitles":["/api/transactions/[id]","GET"],"duration":1,"failureDetails":[],"failureMessages":[],"fullName":"/api/transactions/[id] GET should handle database errors","invocations":1,"location":null,"numPassingAsserts":3,"retryReasons":[],"status":"passed","title":"should handle database errors"},{"ancestorTitles":["/api/transactions/[id]","PUT"],"duration":1,"failureDetails":[],"failureMessages":[],"fullName":"/api/transactions/[id] PUT should update transaction with valid data","invocations":1,"location":null,"numPassingAsserts":3,"retryReasons":[],"status":"passed","title":"should update transaction with valid data"},{"ancestorTitles":["/api/transactions/[id]","PUT"],"duration":1,"failureDetails":[],"failureMessages":[],"fullName":"/api/transactions/[id] PUT should update transaction with partial data","invocations":1,"location":null,"numPassingAsserts":3,"retryReasons":[],"status":"passed","title":"should update transaction with partial data"},{"ancestorTitles":["/api/transactions/[id]","PUT"],"duration":0,"failureDetails":[],"failureMessages":[],"fullName":"/api/transactions/[id] PUT should return 400 for invalid ID","invocations":1,"location":null,"numPassingAsserts":3,"retryReasons":[],"status":"passed","title":"should return 400 for invalid ID"},{"ancestorTitles":["/api/transactions/[id]","PUT"],"duration":24,"failureDetails":[],"failureMessages":[],"fullName":"/api/transactions/[id] PUT should return 400 for validation errors","invocations":1,"location":null,"numPassingAsserts":4,"retryReasons":[],"status":"passed","title":"should return 400 for validation errors"},{"ancestorTitles":["/api/transactions/[id]","PUT"],"duration":1,"failureDetails":[],"failureMessages":[],"fullName":"/api/transactions/[id] PUT should return 400 for description too long","invocations":1,"location":null,"numPassingAsserts":3,"retryReasons":[],"status":"passed","title":"should return 400 for description too long"},{"ancestorTitles":["/api/transactions/[id]","PUT"],"duration":1,"failureDetails":[],"failureMessages":[],"fullName":"/api/transactions/[id] PUT should return 404 for non-existent transaction","invocations":1,"location":null,"numPassingAsserts":2,"retryReasons":[],"status":"passed","title":"should return 404 for non-existent transaction"},{"ancestorTitles":["/api/transactions/[id]","PUT"],"duration":0,"failureDetails":[],"failureMessages":[],"fullName":"/api/transactions/[id] PUT should handle foreign key constraint errors","invocations":1,"location":null,"numPassingAsserts":2,"retryReasons":[],"status":"passed","title":"should handle foreign key constraint errors"},{"ancestorTitles":["/api/transactions/[id]","PUT"],"duration":1,"failureDetails":[],"failureMessages":[],"fullName":"/api/transactions/[id] PUT should handle database errors","invocations":1,"location":null,"numPassingAsserts":2,"retryReasons":[],"status":"passed","title":"should handle database errors"},{"ancestorTitles":["/api/transactions/[id]","DELETE"],"duration":0,"failureDetails":[],"failureMessages":[],"fullName":"/api/transactions/[id] DELETE should delete existing transaction","invocations":1,"location":null,"numPassingAsserts":3,"retryReasons":[],"status":"passed","title":"should delete existing transaction"},{"ancestorTitles":["/api/transactions/[id]","DELETE"],"duration":0,"failureDetails":[],"failureMessages":[],"fullName":"/api/transactions/[id] DELETE should return 400 for invalid ID","invocations":1,"location":null,"numPassingAsserts":3,"retryReasons":[],"status":"passed","title":"should return 400 for invalid ID"},{"ancestorTitles":["/api/transactions/[id]","DELETE"],"duration":1,"failureDetails":[],"failureMessages":[],"fullName":"/api/transactions/[id] DELETE should return 404 for non-existent transaction","invocations":1,"location":null,"numPassingAsserts":3,"retryReasons":[],"status":"passed","title":"should return 404 for non-existent transaction"},{"ancestorTitles":["/api/transactions/[id]","DELETE"],"duration":0,"failureDetails":[],"failureMessages":[],"fullName":"/api/transactions/[id] DELETE should handle database errors","invocations":1,"location":null,"numPassingAsserts":2,"retryReasons":[],"status":"passed","title":"should handle database errors"}],"endTime":1759036409768,"message":"","name":"/Users/fatih/Development/financecim/__tests__/api/transactions/[id]/route.test.ts","startTime":1759036409595,"status":"passed","summary":""},{"assertionResults":[{"ancestorTitles":["transactionsModel.normalizePayload"],"duration":1,"failureDetails":[],"failureMessages":[],"fullName":"transactionsModel.normalizePayload maps snake_case to camelCase and normalizes date + hash","invocations":1,"location":null,"numPassingAsserts":11,"retryReasons":[],"status":"passed","title":"maps snake_case to camelCase and normalizes date + hash"}],"endTime":1759036409769,"message":"","name":"/Users/fatih/Development/financecim/__tests__/db/models/transactions.normalize.test.ts","startTime":1759036409649,"status":"passed","summary":""},{"assertionResults":[{"ancestorTitles":["/api/transactions","GET"],"duration":4,"failureDetails":[],"failureMessages":[],"fullName":"/api/transactions GET should fetch transactions with default parameters","invocations":1,"location":null,"numPassingAsserts":3,"retryReasons":[],"status":"passed","title":"should fetch transactions with default parameters"},{"ancestorTitles":["/api/transactions","GET"],"duration":1,"failureDetails":[],"failureMessages":[],"fullName":"/api/transactions GET should fetch transactions with query parameters","invocations":1,"location":null,"numPassingAsserts":2,"retryReasons":[],"status":"passed","title":"should fetch transactions with query parameters"},{"ancestorTitles":["/api/transactions","GET"],"duration":1,"failureDetails":[],"failureMessages":[],"fullName":"/api/transactions GET should handle showIgnored parameter correctly","invocations":1,"location":null,"numPassingAsserts":3,"retryReasons":[],"status":"passed","title":"should handle showIgnored parameter correctly"},{"ancestorTitles":["/api/transactions","GET"],"duration":0,"failureDetails":[],"failureMessages":[],"fullName":"/api/transactions GET should limit page size to maximum of 200","invocations":1,"location":null,"numPassingAsserts":1,"retryReasons":[],"status":"passed","title":"should limit page size to maximum of 200"},{"ancestorTitles":["/api/transactions","GET"],"duration":1,"failureDetails":[],"failureMessages":[],"fullName":"/api/transactions GET should handle database errors","invocations":1,"location":null,"numPassingAsserts":3,"retryReasons":[],"status":"passed","title":"should handle database errors"},{"ancestorTitles":["/api/transactions","POST"],"duration":0,"failureDetails":[],"failureMessages":[],"fullName":"/api/transactions POST should create transaction with valid data","invocations":1,"location":null,"numPassingAsserts":3,"retryReasons":[],"status":"passed","title":"should create transaction with valid data"},{"ancestorTitles":["/api/transactions","POST"],"duration":1,"failureDetails":[],"failureMessages":[],"fullName":"/api/transactions POST should create transaction with minimal required fields","invocations":1,"location":null,"numPassingAsserts":3,"retryReasons":[],"status":"passed","title":"should create transaction with minimal required fields"},{"ancestorTitles":["/api/transactions","POST"],"duration":58,"failureDetails":[],"failureMessages":[],"fullName":"/api/transactions POST should return 400 for invalid data - missing required fields","invocations":1,"location":null,"numPassingAsserts":4,"retryReasons":[],"status":"passed","title":"should return 400 for invalid data - missing required fields"},{"ancestorTitles":["/api/transactions","POST"],"duration":1,"failureDetails":[],"failureMessages":[],"fullName":"/api/transactions POST should return 400 for invalid data types","invocations":1,"location":null,"numPassingAsserts":4,"retryReasons":[],"status":"passed","title":"should return 400 for invalid data types"},{"ancestorTitles":["/api/transactions","POST"],"duration":1,"failureDetails":[],"failureMessages":[],"fullName":"/api/transactions POST should return 400 for description too long","invocations":1,"location":null,"numPassingAsserts":3,"retryReasons":[],"status":"passed","title":"should return 400 for description too long"},{"ancestorTitles":["/api/transactions","POST"],"duration":1,"failureDetails":[],"failureMessages":[],"fullName":"/api/transactions POST should handle foreign key constraint errors","invocations":1,"location":null,"numPassingAsserts":2,"retryReasons":[],"status":"passed","title":"should handle foreign key constraint errors"},{"ancestorTitles":["/api/transactions","POST"],"duration":0,"failureDetails":[],"failureMessages":[],"fullName":"/api/transactions POST should handle database errors","invocations":1,"location":null,"numPassingAsserts":2,"retryReasons":[],"status":"passed","title":"should handle database errors"},{"ancestorTitles":["/api/transactions","POST"],"duration":3,"failureDetails":[],"failureMessages":[],"fullName":"/api/transactions POST should handle invalid JSON","invocations":1,"location":null,"numPassingAsserts":1,"retryReasons":[],"status":"passed","title":"should handle invalid JSON"}],"endTime":1759036409782,"message":"","name":"/Users/fatih/Development/financecim/__tests__/api/transactions/route.test.ts","startTime":1759036409602,"status":"passed","summary":""},{"assertionResults":[{"ancestorTitles":["POST /api/transactions/import"],"duration":2,"failureDetails":[],"failureMessages":[],"fullName":"POST /api/transactions/import should successfully import new transactions","invocations":1,"location":null,"numPassingAsserts":8,"retryReasons":[],"status":"passed","title":"should successfully import new transactions"},{"ancestorTitles":["POST /api/transactions/import"],"duration":1,"failureDetails":[],"failureMessages":[],"fullName":"POST /api/transactions/import should skip duplicate transactions","invocations":1,"location":null,"numPassingAsserts":6,"retryReasons":[],"status":"passed","title":"should skip duplicate transactions"},{"ancestorTitles":["POST /api/transactions/import"],"duration":0,"failureDetails":[],"failureMessages":[],"fullName":"POST /api/transactions/import should handle invalid transaction data","invocations":1,"location":null,"numPassingAsserts":3,"retryReasons":[],"status":"passed","title":"should handle invalid transaction data"},{"ancestorTitles":["POST /api/transactions/import"],"duration":18,"failureDetails":[],"failureMessages":[],"fullName":"POST /api/transactions/import should continue processing after individual transaction errors","invocations":1,"location":null,"numPassingAsserts":4,"retryReasons":[],"status":"passed","title":"should continue processing after individual transaction errors"},{"ancestorTitles":["POST /api/transactions/import"],"duration":0,"failureDetails":[],"failureMessages":[],"fullName":"POST /api/transactions/import should handle missing required fields gracefully","invocations":1,"location":null,"numPassingAsserts":2,"retryReasons":[],"status":"passed","title":"should handle missing required fields gracefully"}],"endTime":1759036409824,"message":"","name":"/Users/fatih/Development/financecim/__tests__/api/transactions/import/route.test.ts","startTime":1759036409747,"status":"passed","summary":""},{"assertionResults":[{"ancestorTitles":["/api/transactions/stats","GET"],"duration":4,"failureDetails":[],"failureMessages":[],"fullName":"/api/transactions/stats GET should fetch stats without filters","invocations":1,"location":null,"numPassingAsserts":3,"retryReasons":[],"status":"passed","title":"should fetch stats without filters"},{"ancestorTitles":["/api/transactions/stats","GET"],"duration":1,"failureDetails":[],"failureMessages":[],"fullName":"/api/transactions/stats GET should fetch stats with all filters","invocations":1,"location":null,"numPassingAsserts":3,"retryReasons":[],"status":"passed","title":"should fetch stats with all filters"},{"ancestorTitles":["/api/transactions/stats","GET"],"duration":1,"failureDetails":[],"failureMessages":[],"fullName":"/api/transactions/stats GET should handle individual filters correctly","invocations":1,"location":null,"numPassingAsserts":4,"retryReasons":[],"status":"passed","title":"should handle individual filters correctly"},{"ancestorTitles":["/api/transactions/stats","GET"],"duration":0,"failureDetails":[],"failureMessages":[],"fullName":"/api/transactions/stats GET should handle date range filters","invocations":1,"location":null,"numPassingAsserts":1,"retryReasons":[],"status":"passed","title":"should handle d
[...]
essages":[],"fullName":"tags utils parseTags handles array input and deduplicates","invocations":1,"location":null,"numPassingAsserts":1,"retryReasons":[],"status":"passed","title":"parseTags handles array input and deduplicates"},{"ancestorTitles":["tags utils"],"duration":0,"failureDetails":[],"failureMessages":[],"fullName":"tags utils serializeTags normalizes and joins with commas","invocations":1,"location":null,"numPassingAsserts":1,"retryReasons":[],"status":"passed","title":"serializeTags normalizes and joins with commas"},{"ancestorTitles":["tags utils"],"duration":0,"failureDetails":[],"failureMessages":[],"fullName":"tags utils mergeTags combines, normalizes, deduplicates, and sorts","invocations":1,"location":null,"numPassingAsserts":1,"retryReasons":[],"status":"passed","title":"mergeTags combines, normalizes, deduplicates, and sorts"},{"ancestorTitles":["tags utils"],"duration":1,"failureDetails":[],"failureMessages":[],"fullName":"tags utils suggestTags returns matches by prefix (normalized)","invocations":1,"location":null,"numPassingAsserts":2,"retryReasons":[],"status":"passed","title":"suggestTags returns matches by prefix (normalized)"},{"ancestorTitles":["tags utils"],"duration":0,"failureDetails":[],"failureMessages":[],"fullName":"tags utils suggestTags handles empty or no-match inputs","invocations":1,"location":null,"numPassingAsserts":2,"retryReasons":[],"status":"passed","title":"suggestTags handles empty or no-match inputs"},{"ancestorTitles":["tags utils"],"duration":1,"failureDetails":[],"failureMessages":[],"fullName":"tags utils suggestTags respects limit and ordering","invocations":1,"location":null,"numPassingAsserts":4,"retryReasons":[],"status":"passed","title":"suggestTags respects limit and ordering"}],"endTime":1759036410036,"message":"","name":"/Users/fatih/Development/financecim/__tests__/lib/tags.test.ts","startTime":1759036409987,"status":"passed","summary":""},{"assertionResults":[{"ancestorTitles":["/api/dashboard/metrics"],"duration":4,"failureDetails":[],"failureMessages":[],"fullName":"/api/dashboard/metrics returns aggregated dashboard metrics","invocations":1,"location":null,"numPassingAsserts":15,"retryReasons":[],"status":"passed","title":"returns aggregated dashboard metrics"},{"ancestorTitles":["/api/dashboard/metrics"],"duration":0,"failureDetails":[],"failureMessages":[],"fullName":"/api/dashboard/metrics handles errors gracefully","invocations":1,"location":null,"numPassingAsserts":2,"retryReasons":[],"status":"passed","title":"handles errors gracefully"}],"endTime":1759036410042,"message":"","name":"/Users/fatih/Development/financecim/__tests__/api/dashboard/metrics/route.test.ts","startTime":1759036409975,"status":"passed","summary":""},{"assertionResults":[{"ancestorTitles":["/api/units","GET /api/units"],"duration":2,"failureDetails":[],"failureMessages":[],"fullName":"/api/units GET /api/units should return all units successfully","invocations":1,"location":null,"numPassingAsserts":3,"retryReasons":[],"status":"passed","title":"should return all units successfully"},{"ancestorTitles":["/api/units","GET /api/units"],"duration":0,"failureDetails":[],"failureMessages":[],"fullName":"/api/units GET /api/units should return empty array when no units exist","invocations":1,"location":null,"numPassingAsserts":3,"retryReasons":[],"status":"passed","title":"should return empty array when no units exist"},{"ancestorTitles":["/api/units","GET /api/units"],"duration":0,"failureDetails":[],"failureMessages":[],"fullName":"/api/units GET /api/units should handle database errors","invocations":1,"location":null,"numPassingAsserts":3,"retryReasons":[],"status":"passed","title":"should handle database errors"},{"ancestorTitles":["/api/units","POST /api/units"],"duration":2,"failureDetails":[],"failureMessages":[],"fullName":"/api/units POST /api/units should create new unit successfully","invocations":1,"location":null,"numPassingAsserts":4,"retryReasons":[],"status":"passed","title":"should create new unit successfully"},{"ancestorTitles":["/api/units","POST /api/units"],"duration":1,"failureDetails":[],"failureMessages":[],"fullName":"/api/units POST /api/units should validate required name field","invocations":1,"location":null,"numPassingAsserts":5,"retryReasons":[],"status":"passed","title":"should validate required name field"},{"ancestorTitles":["/api/units","POST /api/units"],"duration":1,"failureDetails":[],"failureMessages":[],"fullName":"/api/units POST /api/units should validate color format","invocations":1,"location":null,"numPassingAsserts":4,"retryReasons":[],"status":"passed","title":"should validate color format"},{"ancestorTitles":["/api/units","POST /api/units"],"duration":0,"failureDetails":[],"failureMessages":[],"fullName":"/api/units POST /api/units should reject duplicate unit names","invocations":1,"location":null,"numPassingAsserts":4,"retryReasons":[],"status":"passed","title":"should reject duplicate unit names"},{"ancestorTitles":["/api/units","POST /api/units"],"duration":1,"failureDetails":[],"failureMessages":[],"fullName":"/api/units POST /api/units should handle invalid JSON","invocations":1,"location":null,"numPassingAsserts":2,"retryReasons":[],"status":"passed","title":"should handle invalid JSON"},{"ancestorTitles":["/api/units","POST /api/units"],"duration":0,"failureDetails":[],"failureMessages":[],"fullName":"/api/units POST /api/units should handle database creation errors","invocations":1,"location":null,"numPassingAsserts":2,"retryReasons":[],"status":"passed","title":"should handle database creation errors"},{"ancestorTitles":["/api/units","POST /api/units"],"duration":1,"failureDetails":[],"failureMessages":[],"fullName":"/api/units POST /api/units should handle name existence check errors","invocations":1,"location":null,"numPassingAsserts":3,"retryReasons":[],"status":"passed","title":"should handle name existence check errors"}],"endTime":1759036410046,"message":"","name":"/Users/fatih/Development/financecim/__tests__/api/units/route.test.ts","startTime":1759036409966,"status":"passed","summary":""},{"assertionResults":[{"ancestorTitles":["PUT /api/transactions/[id] - tags normalization"],"duration":1,"failureDetails":[],"failureMessages":[],"fullName":"PUT /api/transactions/[id] - tags normalization normalizes tags string before updating","invocations":1,"location":null,"numPassingAsserts":3,"retryReasons":[],"status":"passed","title":"normalizes tags string before updating"}],"endTime":1759036410050,"message":"","name":"/Users/fatih/Development/financecim/__tests__/api/transactions/[id]/route.tags-normalize.test.ts","startTime":1759036409978,"status":"passed","summary":""},{"assertionResults":[{"ancestorTitles":["POST /api/transactions - tags normalization"],"duration":1,"failureDetails":[],"failureMessages":[],"fullName":"POST /api/transactions - tags normalization normalizes tags string before creating","invocations":1,"location":null,"numPassingAsserts":4,"retryReasons":[],"status":"passed","title":"normalizes tags string before creating"}],"endTime":1759036410053,"message":"","name":"/Users/fatih/Development/financecim/__tests__/api/transactions/route.tags-normalize.test.ts","startTime":1759036410012,"status":"passed","summary":""},{"assertionResults":[{"ancestorTitles":["transactionHash"],"duration":0,"failureDetails":[],"failureMessages":[],"fullName":"transactionHash produces stable 16-char hex based on inputs","invocations":1,"location":null,"numPassingAsserts":2,"retryReasons":[],"status":"passed","title":"produces stable 16-char hex based on inputs"},{"ancestorTitles":["transactionHash"],"duration":0,"failureDetails":[],"failureMessages":[],"fullName":"transactionHash changes when any field changes","invocations":1,"location":null,"numPassingAsserts":4,"retryReasons":[],"status":"passed","title":"changes when any field changes"}],"endTime":1759036410055,"message":"","name":"/Users/fatih/Development/financecim/__tests__/lib/hash.test.ts","startTime":1759036410029,"status":"passed","summary":""},{"assertionResults":[{"ancestorTitles":["/api/transactions/tags/suggest"],"duration":5,"failureDetails":[],"failureMessages":[],"fullName":"/api/transactions/tags/suggest returns empty suggestions when q is missing","invocations":1,"location":null,"numPassingAsserts":3,"retryReasons":[],"status":"passed","title":"returns empty suggestions when q is missing"},{"ancestorTitles":["/api/transactions/tags/suggest"],"duration":0,"failureDetails":[],"failureMessages":[],"fullName":"/api/transactions/tags/suggest returns suggestions matching the prefix (case-insensitive)","invocations":1,"location":null,"numPassingAsserts":2,"retryReasons":[],"status":"passed","title":"returns suggestions matching the prefix (case-insensitive)"},{"ancestorTitles":["/api/transactions/tags/suggest"],"duration":1,"failureDetails":[],"failureMessages":[],"fullName":"/api/transactions/tags/suggest respects the limit parameter","invocations":1,"location":null,"numPassingAsserts":2,"retryReasons":[],"status":"passed","title":"respects the limit parameter"},{"ancestorTitles":["/api/transactions/tags/suggest"],"duration":0,"failureDetails":[],"failureMessages":[],"fullName":"/api/transactions/tags/suggest caps the limit to a maximum of 50","invocations":1,"location":null,"numPassingAsserts":2,"retryReasons":[],"status":"passed","title":"caps the limit to a maximum of 50"},{"ancestorTitles":["/api/transactions/tags/suggest"],"duration":1,"failureDetails":[],"failureMessages":[],"fullName":"/api/transactions/tags/suggest handles database errors gracefully","invocations":1,"location":null,"numPassingAsserts":2,"retryReasons":[],"status":"passed","title":"handles database errors gracefully"}],"endTime":1759036410078,"message":"","name":"/Users/fatih/Development/financecim/__tests__/api/transactions/tags/suggest/route.test.ts","startTime":1759036410013,"status":"passed","summary":""},{"assertionResults":[{"ancestorTitles":["Categories Page"],"duration":59,"failureDetails":[],"failureMessages":[],"fullName":"Categories Page should render categories page with data","invocations":1,"location":null,"numPassingAsserts":5,"retryReasons":[],"status":"passed","title":"should render categories page with data"},{"ancestorTitles":["Categories Page","Add Category Modal"],"duration":20,"failureDetails":[],"failureMessages":[],"fullName":"Categories Page Add Category Modal should open and close add modal","invocations":1,"location":null,"numPassingAsserts":4,"retryReasons":[],"status":"passed","title":"should open and close add modal"},{"ancestorTitles":["Categories Page","Add Category Modal"],"duration":123,"failureDetails":[],"failureMessages":[],"fullName":"Categories Page Add Category Modal should handle emoji input correctly - single emoji","invocations":1,"location":null,"numPassingAsserts":2,"retryReasons":[],"status":"passed","title":"should handle emoji input correctly - single emoji"},{"ancestorTitles":["Categories Page","Add Category Modal"],"duration":89,"failureDetails":[],"failureMessages":[],"fullName":"Categories Page Add Category Modal should handle emoji input correctly - multiple emojis should keep only first","invocations":1,"location":null,"numPassingAsserts":2,"retryReasons":[],"status":"passed","title":"should handle emoji input correctly - multiple emojis should keep only first"},{"ancestorTitles":["Categories Page","Add Category Modal"],"duration":48,"failureDetails":[],"failureMessages":[],"fullName":"Categories Page Add Category Modal should handle emoji input correctly - complex emojis","invocations":1,"location":null,"numPassingAsserts":2,"retryReasons":[],"status":"passed","title":"should handle emoji input correctly - complex emojis"},{"ancestorTitles":["Categories Page","Add Category Modal"],"duration":24,"failureDetails":[],"failureMessages":[],"fullName":"Categories Page Add Category Modal should handle emoji input correctly - empty input","invocations":1,"location":null,"numPassingAsserts":2,"retryReasons":[],"status":"passed","title":"should handle emoji input correctly - empty input"},{"ancestorTitles":["Categories Page","Add Category Modal"],"duration":52,"failureDetails":[],"failureMessages":[],"fullName":"Categories Page Add Category Modal should handle emoji input correctly - regular text should keep only first character","invocations":1,"location":null,"numPassingAsserts":2,"retryReasons":[],"status":"passed","title":"should handle emoji input correctly - regular text should keep only first character"},{"ancestorTitles":["Categories Page","Add Category Modal"],"duration":141,"failureDetails":[],"failureMessages":[],"fullName":"Categories Page Add Category Modal should submit add form with emoji","invocations":1,"location":null,"numPassingAsserts":2,"retryReasons":[],"status":"passed","title":"should submit add form with emoji"},{"ancestorTitles":["Categories Page","Edit Category Modal"],"duration":12,"failureDetails":[],"failureMessages":[],"fullName":"Categories Page Edit Category Modal should open edit modal with existing data","invocations":1,"location":null,"numPassingAsserts":4,"retryReasons":[],"status":"passed","title":"should open edit modal with existing data"},{"ancestorTitles":["Categories Page","Edit Category Modal"],"duration":56,"failureDetails":[],"failureMessages":[],"fullName":"Categories Page Edit Category Modal should handle emoji editing correctly","invocations":1,"location":null,"numPassingAsserts":4,"retryReasons":[],"status":"passed","title":"should handle emoji editing correctly"},{"ancestorTitles":["Categories Page","Edit Category Modal"],"duration":140,"failureDetails":[],"failureMessages":[],"fullName":"Categories Page Edit Category Modal should handle edit form submission with emoji","invocations":1,"location":null,"numPassingAsserts":2,"retryReasons":[],"status":"passed","title":"should handle edit form submission with emoji"},{"ancestorTitles":["Categories Page","Emoji Validation Function"],"duration":180,"failureDetails":[],"failureMessages":[],"fullName":"Categories Page Emoji Validation Function should handle various emoji scenarios correctly","invocations":1,"location":null,"numPassingAsserts":9,"retryReasons":[],"status":"passed","title":"should handle various emoji scenarios correctly"}],"endTime":1759036410364,"message":"","name":"/Users/fatih/Development/financecim/__tests__/components/categories-page.test.tsx","startTime":1759036408944,"status":"passed","summary":""},{"assertionResults":[{"ancestorTitles":["ImportPage","Initial Render"],"duration":44,"failureDetails":[],"failureMessages":[],"fullName":"ImportPage Initial Render renders main heading and description","invocations":1,"location":null,"numPassingAsserts":2,"retryReasons":[],"status":"passed","title":"renders main heading and description"},{"ancestorTitles":["ImportPage","Initial Render"],"duration":20,"failureDetails":[],"failureMessages":[],"fullName":"ImportPage Initial Render renders upload section with drag & drop area","invocations":1,"location":null,"numPassingAsserts":3,"retryReasons":[],"status":"passed","title":"renders upload section with drag & drop area"},{"ancestorTitles":["ImportPage","Initial Render"],"duration":21,"failureDetails":[],"failureMessages":[],"fullName":"ImportPage Initial Render renders progress steps","invocations":1,"location":null,"numPassingAsserts":4,"retryReasons":[],"status":"passed","title":"renders progress steps"},{"ancestorTitles":["ImportPage","Initial Render"],"duration":6,"failureDetails":[],"failureMessages":[],"fullName":"ImportPage Initial Render renders CSV requirements section","invocations":1,"location":null,"numPassingAsserts":6,"retryReasons":[],"status":"passed","title":"renders CSV requirements section"},{"ancestorTitles":["ImportPage","Initial Render"],"duration":30,"failureDetails":[],"failureMessages":[],"fullName":"ImportPage Initial Render next button is disabled initially","invocations":1,"location":null,"numPassingAsserts":2,"retryReasons":[],"status":"passed","title":"next button is disabled initially"},{"ancestorTitles":["ImportPage","File Upload"],"duration":46,"failureDetails":[],"failureMessages":[],"fullName":"ImportPage File Upload handles file selection through browse button","invocations":1,"location":null,"numPassingAsserts":2,"retryReasons":[],"status":"passed","title":"handles file selection through browse button"},{"ancestorTitles":["ImportPage","File Upload"],"duration":27,"failureDetails":[],"failureMessages":[],"fullName":"ImportPage File Upload validates file types correctly","invocations":1,"location":null,"numPassingAsserts":2,"retryReasons":[],"status":"passed","title":"validates file types correctly"},{"ancestorTitles":["ImportPage","File Upload"],"duration":47,"failureDetails":[],"failureMessages":[],"fullName":"ImportPage File Upload validates file size limits","invocations":1,"location":null,"numPassingAsserts":2,"retryReasons":[],"status":"passed","title":"validates file size limits"},{"ancestorTitles":["ImportPage","Drag & Drop"],"duration":9,"failureDetails":[],"failureMessages":[],"fullName":"ImportPage Drag & Drop handles drag over events","invocations":1,"location":null,"numPassingAsserts":2,"retryReasons":[],"status":"passed","title":"handles drag over events"},{"ancestorTitles":["ImportPage","Drag & Drop"],"duration":13,"failureDetails":[],"failureMessages":[],"fullName":"ImportPage Drag & Drop handles file drop","invocations":1,"location":null,"numPassingAsserts":3,"retryReasons":[],"status":"passed","title":"handles file drop"},{"ancestorTitles":["ImportPage","Drag & Drop"],"duration":39,"failureDetails":[],"failureMessages":[],"fullName":"ImportPage Drag & Drop shows visual feedback during drag operations","invocations":1,"location":null,"numPassingAsserts":3,"retryReasons":[],"status":"passed","title":"shows visual feedback during drag operations"},{"ancestorTitles":["ImportPage","Multiple Files"],"duration":29,"failureDetails":[],"failureMessages":[],"fullName":"ImportPage Multiple Files displays multiple file count and merge indicator","invocations":1,"location":null,"numPassingAsserts":4,"retryReasons":[],"status":"passed","title":"displays multiple file count and merge indicator"},{"ancestorTitles":["ImportPage","Multiple Files"],"duration":44,"failureDetails":[],"failureMessages":[],"fullName":"ImportPage Multiple Files can remove individual files","invocations":1,"location":null,"numPassingAsserts":3,"retryReasons":[],"status":"passed","title":"can remove individual files"},{"ancestorTitles":["ImportPage","CSV Parsing"],"duration":527,"failureDetails":[],"failureMessages":[],"fullName":"ImportPage CSV Parsing parses CSV with quoted fields correctly","invocations":1,"location":null,"numPassingAsserts":13,"retryReasons":[],"status":"passed","title":"parses CSV with quoted fields correctly"},{"ancestorTitles":["ImportPage","CSV Parsing"],"duration":24,"failureDetails":[],"failureMessages":[],"fullName":"ImportPage CSV Parsing handles CSV parsing errors gracefully","invocations":1,"location":null,"numPassingAsserts":2,"retryReasons":[],"status":"passed","title":"handles CSV parsing errors gracefully"},{"ancestorTitles":["ImportPage","Navigation"],"duration":545,"failureDetails":[],"failureMessages":[],"fullName":"ImportPage Navigation enables next button when files are uploaded and processed","invocations":1,"location":null,"numPassingAsserts":3,"retryReasons":[],"status":"passed","title":"enables next button when files are uploaded and processed"},{"ancestorTitles":["ImportPage","Navigation"],"duration":10,"failureDetails":[],"failureMessages":[],"fullName":"ImportPage Navigation renders import history link","invocations":1,"location":null,"numPassingAsserts":2,"retryReasons":[],"status":"passed","title":"renders import history link"}],"endTime":1759036410940,"message":"","name":"/Users/fatih/Development/financecim/__tests__/app/import/page.test.tsx","startTime":1759036408965,"status":"passed","summary":""}],"wasInterrupted":false}
