{"numFailedTestSuites":1,"numFailedTests":1,"numPassedTestSuites":0,"numPassedTests":0,"numPendingTestSuites":0,"numPendingTests":0,"numRuntimeErrorTestSuites":0,"numTodoTests":0,"numTotalTestSuites":1,"numTotalTests":1,"openHandles":[],"snapshot":{"added":0,"didUpdate":false,"failure":false,"filesAdded":0,"filesRemoved":0,"filesRemovedList":[],"filesUnmatched":0,"filesUpdated":0,"matched":0,"total":0,"unchecked":0,"uncheckedKeysByFile":[],"unmatched":0,"updated":0},"startTime":1759036321733,"success":false,"testResults":[{"assertionResults":[{"ancestorTitles":["transactionsModel create/update/delete + normalization"],"duration":17,"failureDetails":[{}],"failureMessages":["TypeError: SQLite3 can only bind numbers, strings, bigints, buffers, and null\n    at PreparedQuery.values (/Users/fatih/Development/financecim/node_modules/src/better-sqlite3/session.ts:175:26)\n    at PreparedQuery.all (/Users/fatih/Development/financecim/node_modules/src/better-sqlite3/session.ts:143:21)\n    at QueryPromise.all (/Users/fatih/Development/financecim/node_modules/src/sqlite-core/query-builders/insert.ts:402:26)\n    at QueryPromise.execute (/Users/fatih/Development/financecim/node_modules/src/sqlite-core/query-builders/insert.ts:414:40)\n    at QueryPromise.then (/Users/fatih/Development/financecim/node_modules/src/query-promise.ts:31:15)\n    at processTicksAndRejections (node:internal/process/task_queues:95:5)"],"fullName":"transactionsModel create/update/delete + normalization accepts snake_case input, normalizes date, updates and deletes","invocations":1,"location":null,"numPassingAsserts":11,"retryReasons":[],"status":"failed","title":"accepts snake_case input, normalizes date, updates and deletes"}],"endTime":1759036321880,"message":"  ● transactionsModel create/update/delete + normalization › accepts snake_case input, normalizes date, updates and deletes\n\n    TypeError: SQLite3 can only bind numbers, strings, bigints, buffers, and null\n\n      at PreparedQuery.values (node_modules/src/better-sqlite3/session.ts:175:26)\n      at PreparedQuery.all (node_modules/src/better-sqlite3/session.ts:143:21)\n      at QueryPromise.all (node_modules/src/sqlite-core/query-builders/insert.ts:402:26)\n      at QueryPromise.execute (node_modules/src/sqlite-core/query-builders/insert.ts:414:40)\n      at QueryPromise.then (node_modules/src/query-promise.ts:31:15)\n","name":"/Users/fatih/Development/financecim/__tests__/db/models/transactions.model.more.test.ts","startTime":1759036321742,"status":"failed","summary":""}],"wasInterrupted":false}
